{"/home/kirmayr/projetos/node-redis/db.js":{"path":"/home/kirmayr/projetos/node-redis/db.js","s":{"1":1,"2":1,"3":1,"4":0,"5":1,"6":0,"7":0,"8":0,"9":0,"10":0,"11":0,"12":0,"13":0,"14":0,"15":0,"16":0,"17":0,"18":0,"19":0,"20":0,"21":0,"22":0},"b":{},"f":{"1":0,"2":0,"3":0},"fnMap":{"1":{"name":"dbConnect","line":8,"loc":{"start":{"line":8,"column":0},"end":{"line":8,"column":21}}},"2":{"name":"(anonymous_2)","line":21,"loc":{"start":{"line":21,"column":14},"end":{"line":21,"column":24}}},"3":{"name":"(anonymous_3)","line":22,"loc":{"start":{"line":22,"column":48},"end":{"line":22,"column":61}}}},"statementMap":{"1":{"start":{"line":2,"column":0},"end":{"line":2,"column":37}},"2":{"start":{"line":3,"column":0},"end":{"line":3,"column":36}},"3":{"start":{"line":5,"column":0},"end":{"line":5,"column":55}},"4":{"start":{"line":6,"column":0},"end":{"line":6,"column":51}},"5":{"start":{"line":8,"column":0},"end":{"line":19,"column":1}},"6":{"start":{"line":9,"column":2},"end":{"line":18,"column":5}},"7":{"start":{"line":10,"column":4},"end":{"line":10,"column":54}},"8":{"start":{"line":12,"column":4},"end":{"line":14,"column":7}},"9":{"start":{"line":13,"column":6},"end":{"line":13,"column":16}},"10":{"start":{"line":15,"column":4},"end":{"line":17,"column":7}},"11":{"start":{"line":16,"column":6},"end":{"line":16,"column":17}},"12":{"start":{"line":21,"column":0},"end":{"line":35,"column":5}},"13":{"start":{"line":22,"column":2},"end":{"line":25,"column":7}},"14":{"start":{"line":22,"column":30},"end":{"line":25,"column":6}},"15":{"start":{"line":23,"column":4},"end":{"line":23,"column":43}},"16":{"start":{"line":24,"column":4},"end":{"line":24,"column":25}},"17":{"start":{"line":27,"column":2},"end":{"line":27,"column":87}},"18":{"start":{"line":27,"column":34},"end":{"line":27,"column":86}},"19":{"start":{"line":28,"column":2},"end":{"line":28,"column":48}},"20":{"start":{"line":28,"column":21},"end":{"line":28,"column":47}},"21":{"start":{"line":30,"column":2},"end":{"line":34,"column":4}},"22":{"start":{"line":37,"column":0},"end":{"line":40,"column":2}}},"branchMap":{}}}